********************************************************************************
*                    Thursday, December 08, 2016 5:45:48 PM                    *
********************************************************************************
CSharpCompilerWrapper.exe version: 1.8.1.0
Platform: Windows
Target assembly: Assembly-CSharp.dll
Project directory: C:\Users\Merle\Documents\Git\uFrameTest
Unity 'Data' or 'Frameworks' directory: C:/Program Files/Unity/Editor/Data
Compiler: Microsoft C# 6.0

- Compilation -----------------------------------------------

Process: C:\Users\Merle\Documents\Git\uFrameTest\CSharp60Support\Roslyn\csc.exe
Arguments: -nostdlib+ -noconfig -nologo -r:"C:/Program Files/Unity/Editor/Data\Mono/lib/mono/2.0/mscorlib.dll" -r:"C:/Program Files/Unity/Editor/Data\Mono/lib/mono/2.0/System.dll" -r:"C:/Program Files/Unity/Editor/Data\Mono/lib/mono/2.0/System.Core.dll" -r:"C:/Program Files/Unity/Editor/Data\Mono/lib/mono/2.0/System.Xml.dll" @Temp/UnityTempFile-3aba6f3df86af1e459fb5adb20b3f57d
Exit code: 0
Elapsed time: 15.94 sec

- Compiler output (0 lines):

- Compiler errors (1 line):
0: Assets\Code\test\Components\TestComponentNode.cs(31,26): warning CS0649: Field 'TestComponentNode._Collections' is never assigned to, and will always have its default value null

- PDB to MDB conversion --------------------------------------

Process: C:\Users\Merle\Documents\Git\uFrameTest\CSharp60Support\Roslyn\pdb2mdb.exe
Arguments: Temp\Assembly-CSharp.dll
Exit code: 0
Elapsed time: 0.54 sec

- pdb2mdb.exe output (0 lines):
********************************************************************************
*                    Thursday, December 08, 2016 5:46:05 PM                    *
********************************************************************************
CSharpCompilerWrapper.exe version: 1.8.1.0
Platform: Windows
Target assembly: Assembly-CSharp-Editor.dll
Project directory: C:\Users\Merle\Documents\Git\uFrameTest
Unity 'Data' or 'Frameworks' directory: C:/Program Files/Unity/Editor/Data
Compiler: Microsoft C# 6.0

- Compilation -----------------------------------------------

Process: C:\Users\Merle\Documents\Git\uFrameTest\CSharp60Support\Roslyn\csc.exe
Arguments: -nostdlib+ -noconfig -nologo -r:"C:/Program Files/Unity/Editor/Data\Mono/lib/mono/2.0/mscorlib.dll" -r:"C:/Program Files/Unity/Editor/Data\Mono/lib/mono/2.0/System.dll" -r:"C:/Program Files/Unity/Editor/Data\Mono/lib/mono/2.0/System.Core.dll" -r:"C:/Program Files/Unity/Editor/Data\Mono/lib/mono/2.0/System.Xml.dll" @Temp/UnityTempFile-d1ab10f2e5d29654aaa5911f7b485512
Exit code: 0
Elapsed time: 12.66 sec

- Compiler output (0 lines):

- Compiler errors (0 lines):

- PDB to MDB conversion --------------------------------------

Process: C:\Users\Merle\Documents\Git\uFrameTest\CSharp60Support\Roslyn\pdb2mdb.exe
Arguments: Temp\Assembly-CSharp-Editor.dll
Exit code: 0
Elapsed time: 0.26 sec

- pdb2mdb.exe output (0 lines):
********************************************************************************
*                    Thursday, December 08, 2016 5:46:48 PM                    *
********************************************************************************
CSharpCompilerWrapper.exe version: 1.8.1.0
Platform: Windows
Target assembly: Assembly-CSharp.dll
Project directory: C:\Users\Merle\Documents\Git\uFrameTest
Unity 'Data' or 'Frameworks' directory: C:/Program Files/Unity/Editor/Data
Compiler: Microsoft C# 6.0

- Compilation -----------------------------------------------

Process: C:\Users\Merle\Documents\Git\uFrameTest\CSharp60Support\Roslyn\csc.exe
Arguments: -nostdlib+ -noconfig -nologo -r:"C:/Program Files/Unity/Editor/Data\Mono/lib/mono/2.0/mscorlib.dll" -r:"C:/Program Files/Unity/Editor/Data\Mono/lib/mono/2.0/System.dll" -r:"C:/Program Files/Unity/Editor/Data\Mono/lib/mono/2.0/System.Core.dll" -r:"C:/Program Files/Unity/Editor/Data\Mono/lib/mono/2.0/System.Xml.dll" @Temp/UnityTempFile-5463ebeef38582447b12715c4df02074
Exit code: 0
Elapsed time: 16.60 sec

- Compiler output (0 lines):

- Compiler errors (1 line):
0: Assets\Code\test\Components\TestComponentNode.cs(31,26): warning CS0649: Field 'TestComponentNode._Collections' is never assigned to, and will always have its default value null

- PDB to MDB conversion --------------------------------------

Process: C:\Users\Merle\Documents\Git\uFrameTest\CSharp60Support\Roslyn\pdb2mdb.exe
Arguments: Temp\Assembly-CSharp.dll
Exit code: 0
Elapsed time: 0.73 sec

- pdb2mdb.exe output (0 lines):
********************************************************************************
*                    Thursday, December 08, 2016 5:47:06 PM                    *
********************************************************************************
CSharpCompilerWrapper.exe version: 1.8.1.0
Platform: Windows
Target assembly: Assembly-CSharp-Editor.dll
Project directory: C:\Users\Merle\Documents\Git\uFrameTest
Unity 'Data' or 'Frameworks' directory: C:/Program Files/Unity/Editor/Data
Compiler: Microsoft C# 6.0

- Compilation -----------------------------------------------

Process: C:\Users\Merle\Documents\Git\uFrameTest\CSharp60Support\Roslyn\csc.exe
Arguments: -nostdlib+ -noconfig -nologo -r:"C:/Program Files/Unity/Editor/Data\Mono/lib/mono/2.0/mscorlib.dll" -r:"C:/Program Files/Unity/Editor/Data\Mono/lib/mono/2.0/System.dll" -r:"C:/Program Files/Unity/Editor/Data\Mono/lib/mono/2.0/System.Core.dll" -r:"C:/Program Files/Unity/Editor/Data\Mono/lib/mono/2.0/System.Xml.dll" @Temp/UnityTempFile-91bc6682aef23a54c9125a3ef4b39cd3
Exit code: 0
Elapsed time: 18.54 sec

- Compiler output (0 lines):

- Compiler errors (0 lines):

- PDB to MDB conversion --------------------------------------

Process: C:\Users\Merle\Documents\Git\uFrameTest\CSharp60Support\Roslyn\pdb2mdb.exe
Arguments: Temp\Assembly-CSharp-Editor.dll
Exit code: 0
Elapsed time: 0.60 sec

- pdb2mdb.exe output (0 lines):
********************************************************************************
*                    Thursday, December 08, 2016 5:50:45 PM                    *
********************************************************************************
CSharpCompilerWrapper.exe version: 1.8.1.0
Platform: Windows
Target assembly: Assembly-CSharp.dll
Project directory: C:\Users\Merle\Documents\Git\uFrameTest
Unity 'Data' or 'Frameworks' directory: C:/Program Files/Unity/Editor/Data
Compiler: Microsoft C# 6.0

- Compilation -----------------------------------------------

Process: C:\Users\Merle\Documents\Git\uFrameTest\CSharp60Support\Roslyn\csc.exe
Arguments: -nostdlib+ -noconfig -nologo -r:"C:/Program Files/Unity/Editor/Data\Mono/lib/mono/2.0/mscorlib.dll" -r:"C:/Program Files/Unity/Editor/Data\Mono/lib/mono/2.0/System.dll" -r:"C:/Program Files/Unity/Editor/Data\Mono/lib/mono/2.0/System.Core.dll" -r:"C:/Program Files/Unity/Editor/Data\Mono/lib/mono/2.0/System.Xml.dll" @Temp/UnityTempFile-6f9dbbc1d3eabe34388aca8b0646718b
Exit code: 0
Elapsed time: 15.43 sec

- Compiler output (0 lines):

- Compiler errors (1 line):
0: Assets\Code\test\Components\TestComponentNode.cs(31,26): warning CS0649: Field 'TestComponentNode._Collections' is never assigned to, and will always have its default value null

- PDB to MDB conversion --------------------------------------

Process: C:\Users\Merle\Documents\Git\uFrameTest\CSharp60Support\Roslyn\pdb2mdb.exe
Arguments: Temp\Assembly-CSharp.dll
Exit code: 0
Elapsed time: 0.75 sec

- pdb2mdb.exe output (0 lines):
********************************************************************************
*                    Thursday, December 08, 2016 5:51:03 PM                    *
********************************************************************************
CSharpCompilerWrapper.exe version: 1.8.1.0
Platform: Windows
Target assembly: Assembly-CSharp-Editor.dll
Project directory: C:\Users\Merle\Documents\Git\uFrameTest
Unity 'Data' or 'Frameworks' directory: C:/Program Files/Unity/Editor/Data
Compiler: Microsoft C# 6.0

- Compilation -----------------------------------------------

Process: C:\Users\Merle\Documents\Git\uFrameTest\CSharp60Support\Roslyn\csc.exe
Arguments: -nostdlib+ -noconfig -nologo -r:"C:/Program Files/Unity/Editor/Data\Mono/lib/mono/2.0/mscorlib.dll" -r:"C:/Program Files/Unity/Editor/Data\Mono/lib/mono/2.0/System.dll" -r:"C:/Program Files/Unity/Editor/Data\Mono/lib/mono/2.0/System.Core.dll" -r:"C:/Program Files/Unity/Editor/Data\Mono/lib/mono/2.0/System.Xml.dll" @Temp/UnityTempFile-aa2b37137d25c0342a3567952ee4f493
Exit code: 0
Elapsed time: 14.42 sec

- Compiler output (0 lines):

- Compiler errors (0 lines):

- PDB to MDB conversion --------------------------------------

Process: C:\Users\Merle\Documents\Git\uFrameTest\CSharp60Support\Roslyn\pdb2mdb.exe
Arguments: Temp\Assembly-CSharp-Editor.dll
Exit code: 0
Elapsed time: 0.60 sec

- pdb2mdb.exe output (0 lines):
********************************************************************************
*                    Thursday, December 08, 2016 5:53:04 PM                    *
********************************************************************************
CSharpCompilerWrapper.exe version: 1.8.1.0
Platform: Windows
Target assembly: Assembly-CSharp.dll
Project directory: C:\Users\Merle\Documents\Git\uFrameTest
Unity 'Data' or 'Frameworks' directory: C:/Program Files/Unity/Editor/Data
Compiler: Microsoft C# 6.0

- Compilation -----------------------------------------------

Process: C:\Users\Merle\Documents\Git\uFrameTest\CSharp60Support\Roslyn\csc.exe
Arguments: -nostdlib+ -noconfig -nologo -r:"C:/Program Files/Unity/Editor/Data\Mono/lib/mono/2.0/mscorlib.dll" -r:"C:/Program Files/Unity/Editor/Data\Mono/lib/mono/2.0/System.dll" -r:"C:/Program Files/Unity/Editor/Data\Mono/lib/mono/2.0/System.Core.dll" -r:"C:/Program Files/Unity/Editor/Data\Mono/lib/mono/2.0/System.Xml.dll" @Temp/UnityTempFile-8c39897cdd6891b488ee4e1d442e2983
Exit code: 0
Elapsed time: 9.99 sec

- Compiler output (0 lines):

- Compiler errors (1 line):
0: Assets\Code\test\Components\TestComponentNode.cs(31,26): warning CS0649: Field 'TestComponentNode._Collections' is never assigned to, and will always have its default value null

- PDB to MDB conversion --------------------------------------

Process: C:\Users\Merle\Documents\Git\uFrameTest\CSharp60Support\Roslyn\pdb2mdb.exe
Arguments: Temp\Assembly-CSharp.dll
Exit code: 0
Elapsed time: 0.30 sec

- pdb2mdb.exe output (0 lines):
********************************************************************************
*                    Thursday, December 08, 2016 5:53:15 PM                    *
********************************************************************************
CSharpCompilerWrapper.exe version: 1.8.1.0
Platform: Windows
Target assembly: Assembly-CSharp-Editor.dll
Project directory: C:\Users\Merle\Documents\Git\uFrameTest
Unity 'Data' or 'Frameworks' directory: C:/Program Files/Unity/Editor/Data
Compiler: Microsoft C# 6.0

- Compilation -----------------------------------------------

Process: C:\Users\Merle\Documents\Git\uFrameTest\CSharp60Support\Roslyn\csc.exe
Arguments: -nostdlib+ -noconfig -nologo -r:"C:/Program Files/Unity/Editor/Data\Mono/lib/mono/2.0/mscorlib.dll" -r:"C:/Program Files/Unity/Editor/Data\Mono/lib/mono/2.0/System.dll" -r:"C:/Program Files/Unity/Editor/Data\Mono/lib/mono/2.0/System.Core.dll" -r:"C:/Program Files/Unity/Editor/Data\Mono/lib/mono/2.0/System.Xml.dll" @Temp/UnityTempFile-86aeba669e4aadb42b97760dc4dc1acd
Exit code: 0
Elapsed time: 6.15 sec

- Compiler output (0 lines):

- Compiler errors (0 lines):

- PDB to MDB conversion --------------------------------------

Process: C:\Users\Merle\Documents\Git\uFrameTest\CSharp60Support\Roslyn\pdb2mdb.exe
Arguments: Temp\Assembly-CSharp-Editor.dll
Exit code: 0
Elapsed time: 0.30 sec

- pdb2mdb.exe output (0 lines):
